# JRE version: Java(TM) SE Runtime Environment (8.0_92-b14) (build 1.8.0_92-b14)
# Java VM: Java HotSpot(TM) Client VM (25.92-b14 mixed mode windows-x86 )
Heap:
 def new generation   total 39424K, used 35214K [0x04a00000, 0x074c0000, 0x0f4a0000)
  eden space 35072K,  87% used [0x04a00000, 0x06823bd0, 0x06c40000)
  from space 4352K, 100% used [0x06c40000, 0x07080000, 0x07080000)
  to   space 4352K,   0% used [0x07080000, 0x07080000, 0x074c0000)
 tenured generation   total 87424K, used 36197K [0x0f4a0000, 0x14a00000, 0x24a00000)
   the space 87424K,  41% used [0x0f4a0000, 0x117f96f8, 0x117f9800, 0x14a00000)
 Metaspace       used 17538K, capacity 17960K, committed 18048K, reserved 18816K
GC Heap History (10 events):
Event: 0.846 GC heap before
{Heap before GC invocations=0 (full 0):
 def new generation   total 39296K, used 34944K [0x04a00000, 0x074a0000, 0x0f4a0000)
  eden space 34944K, 100% used [0x04a00000, 0x06c20000, 0x06c20000)
  from space 4352K,   0% used [0x06c20000, 0x06c20000, 0x07060000)
  to   space 4352K,   0% used [0x07060000, 0x07060000, 0x074a0000)
 tenured generation   total 87424K, used 0K [0x0f4a0000, 0x14a00000, 0x24a00000)
   the space 87424K,   0% used [0x0f4a0000, 0x0f4a0000, 0x0f4a0200, 0x14a00000)
 Metaspace       used 9663K, capacity 9862K, committed 9984K, reserved 10624K
Event: 0.857 GC heap after
Heap after GC invocations=1 (full 0):
 def new generation   total 39296K, used 4352K [0x04a00000, 0x074a0000, 0x0f4a0000)
  eden space 34944K,   0% used [0x04a00000, 0x04a00000, 0x06c20000)
  from space 4352K, 100% used [0x07060000, 0x074a0000, 0x074a0000)
  to   space 4352K,   0% used [0x06c20000, 0x06c20000, 0x07060000)
 tenured generation   total 87424K, used 2799K [0x0f4a0000, 0x14a00000, 0x24a00000)
   the space 87424K,   3% used [0x0f4a0000, 0x0f75bd20, 0x0f75be00, 0x14a00000)
 Metaspace       used 9663K, capacity 9862K, committed 9984K, reserved 10624K
}
Event: 1.319 GC heap before
{Heap before GC invocations=1 (full 0):
 def new generation   total 39296K, used 39296K [0x04a00000, 0x074a0000, 0x0f4a0000)
  eden space 34944K, 100% used [0x04a00000, 0x06c20000, 0x06c20000)
  from space 4352K, 100% used [0x07060000, 0x074a0000, 0x074a0000)
  to   space 4352K,   0% used [0x06c20000, 0x06c20000, 0x07060000)
 tenured generation   total 87424K, used 2799K [0x0f4a0000, 0x14a00000, 0x24a00000)
   the space 87424K,   3% used [0x0f4a0000, 0x0f75bd20, 0x0f75be00, 0x14a00000)
 Metaspace       used 10845K, capacity 11186K, committed 11264K, reserved 11648K
Event: 1.343 GC heap after
Heap after GC invocations=2 (full 0):
 def new generation   total 39296K, used 4352K [0x04a00000, 0x074a0000, 0x0f4a0000)
  eden space 34944K,   0% used [0x04a00000, 0x04a00000, 0x06c20000)
  from space 4352K, 100% used [0x06c20000, 0x07060000, 0x07060000)
  to   space 4352K,   0% used [0x07060000, 0x07060000, 0x074a0000)
 tenured generation   total 87424K, used 10197K [0x0f4a0000, 0x14a00000, 0x24a00000)
   the space 87424K,  11% used [0x0f4a0000, 0x0fe954e8, 0x0fe95600, 0x14a00000)
 Metaspace       used 10845K, capacity 11186K, committed 11264K, reserved 11648K
}
Event: 1.764 GC heap before
{Heap before GC invocations=2 (full 0):
 def new generation   total 39296K, used 22354K [0x04a00000, 0x074a0000, 0x0f4a0000)
  eden space 34944K,  51% used [0x04a00000, 0x05b94b38, 0x06c20000)
  from space 4352K, 100% used [0x06c20000, 0x07060000, 0x07060000)
  to   space 4352K,   0% used [0x07060000, 0x07060000, 0x074a0000)
 tenured generation   total 87424K, used 10197K [0x0f4a0000, 0x14a00000, 0x24a00000)
   the space 87424K,  11% used [0x0f4a0000, 0x0fe954e8, 0x0fe95600, 0x14a00000)
 Metaspace       used 11924K, capacity 12264K, committed 12288K, reserved 12672K
Event: 1.795 GC heap after
Heap after GC invocations=3 (full 1):
 def new generation   total 39424K, used 0K [0x04a00000, 0x074c0000, 0x0f4a0000)
  eden space 35072K,   0% used [0x04a00000, 0x04a00000, 0x06c40000)
  from space 4352K,   0% used [0x06c40000, 0x06c40000, 0x07080000)
  to   space 4352K,   0% used [0x07080000, 0x07080000, 0x074c0000)
 tenured generation   total 87424K, used 16639K [0x0f4a0000, 0x14a00000, 0x24a00000)
   the space 87424K,  19% used [0x0f4a0000, 0x104dfe00, 0x104dfe00, 0x14a00000)
 Metaspace       used 11924K, capacity 12264K, committed 12288K, reserved 12672K
}
Event: 2.539 GC heap before
{Heap before GC invocations=3 (full 1):
 def new generation   total 39424K, used 35072K [0x04a00000, 0x074c0000, 0x0f4a0000)
  eden space 35072K, 100% used [0x04a00000, 0x06c40000, 0x06c40000)
  from space 4352K,   0% used [0x06c40000, 0x06c40000, 0x07080000)
  to   space 4352K,   0% used [0x07080000, 0x07080000, 0x074c0000)
 tenured generation   total 87424K, used 16639K [0x0f4a0000, 0x14a00000, 0x24a00000)
   the space 87424K,  19% used [0x0f4a0000, 0x104dfe00, 0x104dfe00, 0x14a00000)
 Metaspace       used 16516K, capacity 16879K, committed 17024K, reserved 17792K
Event: 2.549 GC heap after
Heap after GC invocations=4 (full 1):
 def new generation   total 39424K, used 4352K [0x04a00000, 0x074c0000, 0x0f4a0000)
  eden space 35072K,   0% used [0x04a00000, 0x04a00000, 0x06c40000)
  from space 4352K, 100% used [0x07080000, 0x074c0000, 0x074c0000)
  to   space 4352K,   0% used [0x06c40000, 0x06c40000, 0x07080000)
 tenured generation   total 87424K, used 18663K [0x0f4a0000, 0x14a00000, 0x24a00000)
   the space 87424K,  21% used [0x0f4a0000, 0x106d9d20, 0x106d9e00, 0x14a00000)
 Metaspace       used 16516K, capacity 16879K, committed 17024K, reserved 17792K
}
Event: 4.022 GC heap before
{Heap before GC invocations=4 (full 1):
 def new generation   total 39424K, used 36888K [0x04a00000, 0x074c0000, 0x0f4a0000)
  eden space 35072K,  92% used [0x04a00000, 0x069c6138, 0x06c40000)
  from space 4352K, 100% used [0x07080000, 0x074c0000, 0x074c0000)
  to   space 4352K,   0% used [0x06c40000, 0x06c40000, 0x07080000)
 tenured generation   total 87424K, used 18663K [0x0f4a0000, 0x14a00000, 0x24a00000)
   the space 87424K,  21% used [0x0f4a0000, 0x106d9d20, 0x106d9e00, 0x14a00000)
 Metaspace       used 17302K, capacity 17729K, committed 17792K, reserved 17792K
Event: 4.051 GC heap after
Heap after GC invocations=5 (full 1):
 def new generation   total 39424K, used 4352K [0x04a00000, 0x074c0000, 0x0f4a0000)
  eden space 35072K,   0% used [0x04a00000, 0x04a00000, 0x06c40000)
  from space 4352K, 100% used [0x06c40000, 0x07080000, 0x07080000)
  to   space 4352K,   0% used [0x07080000, 0x07080000, 0x074c0000)
 tenured generation   total 87424K, used 36197K [0x0f4a0000, 0x14a00000, 0x24a00000)
   the space 87424K,  41% used [0x0f4a0000, 0x117f96f8, 0x117f9800, 0x14a00000)
 Metaspace       used 17302K, capacity 17729K, committed 17792K, reserved 17792K
}

